# JRE version: Java(TM) SE Runtime Environment (8.0_151-b12) (build 1.8.0_151-b12)
# Java VM: Java HotSpot(TM) 64-Bit Server VM (25.151-b12 mixed mode windows-amd64 compressed oops)
Heap:
 PSYoungGen      total 486912K, used 82528K [0x000000076b500000, 0x0000000793200000, 0x00000007c0000000)
  eden space 463360K, 17% used [0x000000076b500000,0x0000000770598198,0x0000000787980000)
  from space 23552K, 0% used [0x0000000787980000,0x0000000787980000,0x0000000789080000)
  to   space 23552K, 0% used [0x0000000791b00000,0x0000000791b00000,0x0000000793200000)
 ParOldGen       total 193024K, used 40067K [0x00000006c1e00000, 0x00000006cda80000, 0x000000076b500000)
  object space 193024K, 20% used [0x00000006c1e00000,0x00000006c4520c48,0x00000006cda80000)
 Metaspace       used 58695K, capacity 59380K, committed 59864K, reserved 1101824K
  class space    used 7412K, capacity 7568K, committed 7680K, reserved 1048576K
GC Heap History (10 events):
Event: 26.717 GC heap before
{Heap before GC invocations=10 (full 2):
 PSYoungGen      total 358400K, used 15533K [0x000000076b500000, 0x0000000783180000, 0x00000007c0000000)
  eden space 342528K, 0% used [0x000000076b500000,0x000000076b500000,0x0000000780380000)
  from space 15872K, 97% used [0x0000000782200000,0x000000078312b4b8,0x0000000783180000)
  to   space 17920K, 0% used [0x0000000780e80000,0x0000000780e80000,0x0000000782000000)
 ParOldGen       total 96256K, used 10005K [0x00000006c1e00000, 0x00000006c7c00000, 0x000000076b500000)
  object space 96256K, 10% used [0x00000006c1e00000,0x00000006c27c5528,0x00000006c7c00000)
 Metaspace       used 34932K, capacity 35308K, committed 35416K, reserved 1081344K
  class space    used 4358K, capacity 4479K, committed 4480K, reserved 1048576K
Event: 26.839 GC heap after
Heap after GC invocations=10 (full 2):
 PSYoungGen      total 358400K, used 0K [0x000000076b500000, 0x0000000783180000, 0x00000007c0000000)
  eden space 342528K, 0% used [0x000000076b500000,0x000000076b500000,0x0000000780380000)
  from space 15872K, 0% used [0x0000000782200000,0x0000000782200000,0x0000000783180000)
  to   space 17920K, 0% used [0x0000000780e80000,0x0000000780e80000,0x0000000782000000)
 ParOldGen       total 140800K, used 24091K [0x00000006c1e00000, 0x00000006ca780000, 0x000000076b500000)
  object space 140800K, 17% used [0x00000006c1e00000,0x00000006c3586c10,0x00000006ca780000)
 Metaspace       used 34932K, capacity 35308K, committed 35416K, reserved 1081344K
  class space    used 4358K, capacity 4479K, committed 4480K, reserved 1048576K
}
Event: 30.927 GC heap before
{Heap before GC invocations=11 (full 2):
 PSYoungGen      total 358400K, used 342528K [0x000000076b500000, 0x0000000783180000, 0x00000007c0000000)
  eden space 342528K, 100% used [0x000000076b500000,0x0000000780380000,0x0000000780380000)
  from space 15872K, 0% used [0x0000000782200000,0x0000000782200000,0x0000000783180000)
  to   space 17920K, 0% used [0x0000000780e80000,0x0000000780e80000,0x0000000782000000)
 ParOldGen       total 140800K, used 24091K [0x00000006c1e00000, 0x00000006ca780000, 0x000000076b500000)
  object space 140800K, 17% used [0x00000006c1e00000,0x00000006c3586c10,0x00000006ca780000)
 Metaspace       used 44268K, capacity 44806K, committed 45144K, reserved 1089536K
  class space    used 5501K, capacity 5661K, committed 5760K, reserved 1048576K
Event: 30.955 GC heap after
Heap after GC invocations=11 (full 2):
 PSYoungGen      total 371712K, used 17149K [0x000000076b500000, 0x000000078a400000, 0x00000007c0000000)
  eden space 353792K, 0% used [0x000000076b500000,0x000000076b500000,0x0000000780e80000)
  from space 17920K, 95% used [0x0000000780e80000,0x0000000781f3f710,0x0000000782000000)
  to   space 19968K, 0% used [0x0000000789080000,0x0000000789080000,0x000000078a400000)
 ParOldGen       total 140800K, used 24099K [0x00000006c1e00000, 0x00000006ca780000, 0x000000076b500000)
  object space 140800K, 17% used [0x00000006c1e00000,0x00000006c3588c10,0x00000006ca780000)
 Metaspace       used 44268K, capacity 44806K, committed 45144K, reserved 1089536K
  class space    used 5501K, capacity 5661K, committed 5760K, reserved 1048576K
}
Event: 34.521 GC heap before
{Heap before GC invocations=12 (full 2):
 PSYoungGen      total 371712K, used 370941K [0x000000076b500000, 0x000000078a400000, 0x00000007c0000000)
  eden space 353792K, 100% used [0x000000076b500000,0x0000000780e80000,0x0000000780e80000)
  from space 17920K, 95% used [0x0000000780e80000,0x0000000781f3f710,0x0000000782000000)
  to   space 19968K, 0% used [0x0000000789080000,0x0000000789080000,0x000000078a400000)
 ParOldGen       total 140800K, used 24099K [0x00000006c1e00000, 0x00000006ca780000, 0x000000076b500000)
  object space 140800K, 17% used [0x00000006c1e00000,0x00000006c3588c10,0x00000006ca780000)
 Metaspace       used 51057K, capacity 51698K, committed 51928K, reserved 1095680K
  class space    used 6450K, capacity 6623K, committed 6656K, reserved 1048576K
Event: 34.549 GC heap after
Heap after GC invocations=12 (full 2):
 PSYoungGen      total 483328K, used 19966K [0x000000076b500000, 0x000000078b480000, 0x00000007c0000000)
  eden space 463360K, 0% used [0x000000076b500000,0x000000076b500000,0x0000000787980000)
  from space 19968K, 99% used [0x0000000789080000,0x000000078a3ffad8,0x000000078a400000)
  to   space 23552K, 0% used [0x0000000787980000,0x0000000787980000,0x0000000789080000)
 ParOldGen       total 140800K, used 28263K [0x00000006c1e00000, 0x00000006ca780000, 0x000000076b500000)
  object space 140800K, 20% used [0x00000006c1e00000,0x00000006c3999cc0,0x00000006ca780000)
 Metaspace       used 51057K, capacity 51698K, committed 51928K, reserved 1095680K
  class space    used 6450K, capacity 6623K, committed 6656K, reserved 1048576K
}
Event: 129.251 GC heap before
{Heap before GC invocations=13 (full 2):
 PSYoungGen      total 483328K, used 189565K [0x000000076b500000, 0x000000078b480000, 0x00000007c0000000)
  eden space 463360K, 36% used [0x000000076b500000,0x0000000775a9fd20,0x0000000787980000)
  from space 19968K, 99% used [0x0000000789080000,0x000000078a3ffad8,0x000000078a400000)
  to   space 23552K, 0% used [0x0000000787980000,0x0000000787980000,0x0000000789080000)
 ParOldGen       total 140800K, used 28263K [0x00000006c1e00000, 0x00000006ca780000, 0x000000076b500000)
  object space 140800K, 20% used [0x00000006c1e00000,0x00000006c3999cc0,0x00000006ca780000)
 Metaspace       used 57926K, capacity 58602K, committed 58968K, reserved 1101824K
  class space    used 7304K, capacity 7465K, committed 7552K, reserved 1048576K
Event: 129.278 GC heap after
Heap after GC invocations=13 (full 2):
 PSYoungGen      total 486912K, used 7199K [0x000000076b500000, 0x0000000793200000, 0x00000007c0000000)
  eden space 463360K, 0% used [0x000000076b500000,0x000000076b500000,0x0000000787980000)
  from space 23552K, 30% used [0x0000000787980000,0x0000000788087d48,0x0000000789080000)
  to   space 23552K, 0% used [0x0000000791b00000,0x0000000791b00000,0x0000000793200000)
 ParOldGen       total 140800K, used 44445K [0x00000006c1e00000, 0x00000006ca780000, 0x000000076b500000)
  object space 140800K, 31% used [0x00000006c1e00000,0x00000006c4967718,0x00000006ca780000)
 Metaspace       used 57926K, capacity 58602K, committed 58968K, reserved 1101824K
  class space    used 7304K, capacity 7465K, committed 7552K, reserved 1048576K
}
Event: 129.278 GC heap before
{Heap before GC invocations=14 (full 3):
 PSYoungGen      total 486912K, used 7199K [0x000000076b500000, 0x0000000793200000, 0x00000007c0000000)
  eden space 463360K, 0% used [0x000000076b500000,0x000000076b500000,0x0000000787980000)
  from space 23552K, 30% used [0x0000000787980000,0x0000000788087d48,0x0000000789080000)
  to   space 23552K, 0% used [0x0000000791b00000,0x0000000791b00000,0x0000000793200000)
 ParOldGen       total 140800K, used 44445K [0x00000006c1e00000, 0x00000006ca780000, 0x000000076b500000)
  object space 140800K, 31% used [0x00000006c1e00000,0x00000006c4967718,0x00000006ca780000)
 Metaspace       used 57926K, capacity 58602K, committed 58968K, reserved 1101824K
  class space    used 7304K, capacity 7465K, committed 7552K, reserved 1048576K
Event: 129.539 GC heap after
Heap after GC invocations=14 (full 3):
 PSYoungGen      total 486912K, used 0K [0x000000076b500000, 0x0000000793200000, 0x00000007c0000000)
  eden space 463360K, 0% used [0x000000076b500000,0x000000076b500000,0x0000000787980000)
  from space 23552K, 0% used [0x0000000787980000,0x0000000787980000,0x0000000789080000)
  to   space 23552K, 0% used [0x0000000791b00000,0x0000000791b00000,0x0000000793200000)
 ParOldGen       total 193024K, used 40067K [0x00000006c1e00000, 0x00000006cda80000, 0x000000076b500000)
  object space 193024K, 20% used [0x00000006c1e00000,0x00000006c4520c48,0x00000006cda80000)
 Metaspace       used 57926K, capacity 58602K, committed 58968K, reserved 1101824K
  class space    used 7304K, capacity 7465K, committed 7552K, reserved 1048576K
}

